{
  "stats": {
    "suites": 1,
    "tests": 1,
    "passes": 1,
    "pending": 0,
    "failures": 0,
    "start": "2021-08-03T10:50:41.933Z",
    "end": "2021-08-03T10:50:47.375Z",
    "duration": 5442,
    "testsRegistered": 1,
    "passPercent": 100,
    "pendingPercent": 0,
    "other": 0,
    "hasOther": false,
    "skipped": 0,
    "hasSkipped": false
  },
  "results": [
    {
      "uuid": "78deca9f-470e-4187-b744-a6870b5839b6",
      "title": "",
      "fullFile": "cypress/integration/com.techproed/day03_drag_and_drop.js",
      "file": "cypress/integration/com.techproed/day03_drag_and_drop.js",
      "beforeHooks": [],
      "afterHooks": [],
      "tests": [],
      "suites": [
        {
          "uuid": "a18ed481-03e7-416f-b49a-a6f87a5c82f9",
          "title": "drag and drop",
          "fullFile": "",
          "file": "",
          "beforeHooks": [],
          "afterHooks": [],
          "tests": [
            {
              "title": "drag and drop",
              "fullTitle": "drag and drop drag and drop",
              "timedOut": null,
              "duration": 1810,
              "state": "passed",
              "speed": "slow",
              "pass": true,
              "fail": false,
              "pending": false,
              "context": null,
              "code": "/*DRAG AND DROP:\n1. RUN ON TERMINAL : npm install --save-dev @4tw/cypress-drag-drop\n2. import '@4tw/cypress-drag-drop on the top of the class\n(automatically it was added to package.json , like iframe)\n*/\ncy.visit('https://www.testandquiz.com/selenium/testing.html'); //dragging #sourceImage over #targetDiv\ncy.get('#sourceImage') //source\n.drag('#targetDiv'); //target",
              "err": {},
              "uuid": "e9761269-7467-4ac3-9560-e750686acfbd",
              "parentUUID": "a18ed481-03e7-416f-b49a-a6f87a5c82f9",
              "isHook": false,
              "skipped": false
            }
          ],
          "suites": [],
          "passes": [
            "e9761269-7467-4ac3-9560-e750686acfbd"
          ],
          "failures": [],
          "pending": [],
          "skipped": [],
          "duration": 1810,
          "root": false,
          "rootEmpty": false,
          "_timeout": 2000
        }
      ],
      "passes": [],
      "failures": [],
      "pending": [],
      "skipped": [],
      "duration": 0,
      "root": true,
      "rootEmpty": true,
      "_timeout": 2000
    }
  ],
  "meta": {
    "mocha": {
      "version": "7.0.1"
    },
    "mochawesome": {
      "options": {
        "quiet": false,
        "reportFilename": "report",
        "saveHtml": true,
        "saveJson": true,
        "consoleReporter": "spec",
        "useInlineDiffs": false,
        "code": true
      },
      "version": "6.2.2"
    },
    "marge": {
      "options": {
        "reportDir": "cypress/reports",
        "reportFilename": "report",
        "overwrite": false,
        "html": true,
        "json": true,
        "charts": true
      },
      "version": "5.2.0"
    }
  }
}