{
  "stats": {
    "suites": 1,
    "tests": 1,
    "passes": 1,
    "pending": 0,
    "failures": 0,
    "start": "2021-08-02T18:40:19.642Z",
    "end": "2021-08-02T18:40:32.622Z",
    "duration": 12980,
    "testsRegistered": 1,
    "passPercent": 100,
    "pendingPercent": 0,
    "other": 0,
    "hasOther": false,
    "skipped": 0,
    "hasSkipped": false
  },
  "results": [
    {
      "uuid": "824fe202-77c4-4a69-9fe4-5a69a045fc87",
      "title": "",
      "fullFile": "cypress/integration/com.techproed/day02_hover_over.js",
      "file": "cypress/integration/com.techproed/day02_hover_over.js",
      "beforeHooks": [],
      "afterHooks": [],
      "tests": [],
      "suites": [
        {
          "uuid": "143db61d-985a-467f-8e03-a16bc45aae66",
          "title": "move over",
          "fullFile": "",
          "file": "",
          "beforeHooks": [],
          "afterHooks": [],
          "tests": [
            {
              "title": "mover over",
              "fullTitle": "move over mover over",
              "timedOut": null,
              "duration": 10338,
              "state": "passed",
              "speed": "slow",
              "pass": true,
              "fail": false,
              "pending": false,
              "context": null,
              "code": "cy.visit('https://www.amazon.com/');\ncy.get('.icp-nav-link-inner') //getting the element\n.trigger('mouseover'); //moving the mouse over ==>mouseover NOT mouse over\ncy.wait(5000);\n/*Test Case\n    click on Change country/region\n    select Canada from the dropdown\n*/\n//click on Change country/region  \ncy.contains('Change country/region.').click(); //===> pop up var dikkat et\n//select canada from dropdown\ncy.get('#icp-selected-country').select('Canada', {\n  force: true\n}); //HERE WE ARE FORCING TO SLECT THIS ELEMENT(Canada),CYPRESS SUGGESTS IT,\n// sometimes hidden element can not load easily when we hoover over,thats why we use this",
              "err": {},
              "uuid": "afd75291-77d5-4c6b-a9d7-739acc1d01d3",
              "parentUUID": "143db61d-985a-467f-8e03-a16bc45aae66",
              "isHook": false,
              "skipped": false
            }
          ],
          "suites": [],
          "passes": [
            "afd75291-77d5-4c6b-a9d7-739acc1d01d3"
          ],
          "failures": [],
          "pending": [],
          "skipped": [],
          "duration": 10338,
          "root": false,
          "rootEmpty": false,
          "_timeout": 2000
        }
      ],
      "passes": [],
      "failures": [],
      "pending": [],
      "skipped": [],
      "duration": 0,
      "root": true,
      "rootEmpty": true,
      "_timeout": 2000
    }
  ],
  "meta": {
    "mocha": {
      "version": "7.0.1"
    },
    "mochawesome": {
      "options": {
        "quiet": false,
        "reportFilename": "report",
        "saveHtml": true,
        "saveJson": true,
        "consoleReporter": "spec",
        "useInlineDiffs": false,
        "code": true
      },
      "version": "6.2.2"
    },
    "marge": {
      "options": {
        "reportDir": "cypress/reports",
        "reportFilename": "report",
        "overwrite": false,
        "html": true,
        "json": true,
        "charts": true
      },
      "version": "5.2.0"
    }
  }
}