{
  "stats": {
    "suites": 1,
    "tests": 1,
    "passes": 1,
    "pending": 0,
    "failures": 0,
    "start": "2021-08-03T10:49:54.243Z",
    "end": "2021-08-03T10:50:39.517Z",
    "duration": 45274,
    "testsRegistered": 1,
    "passPercent": 100,
    "pendingPercent": 0,
    "other": 0,
    "hasOther": false,
    "skipped": 0,
    "hasSkipped": false
  },
  "results": [
    {
      "uuid": "fe9b5c5f-a4b1-491e-beed-6a51d312a529",
      "title": "",
      "fullFile": "cypress/integration/com.techproed/day03_custom_login.js",
      "file": "cypress/integration/com.techproed/day03_custom_login.js",
      "beforeHooks": [],
      "afterHooks": [],
      "tests": [],
      "suites": [
        {
          "uuid": "8f436627-110a-4db5-acee-5ea5a9228cf4",
          "title": "custom method",
          "fullFile": "",
          "file": "",
          "beforeHooks": [],
          "afterHooks": [],
          "tests": [
            {
              "title": "negative log in",
              "fullTitle": "custom method negative log in",
              "timedOut": null,
              "duration": 33487,
              "state": "passed",
              "speed": "slow",
              "pass": true,
              "fail": false,
              "pending": false,
              "context": null,
              "code": "// login is the custom method that is inside the commands.js\n//when we add a function in commands.js\n//it will be accessable in the entire framewrok automatically\ncy.login('cdef!!@gmail.com', '12345'); //ASSERTIONS\n//assert if page contains Authentication failed.\ncy.contains('Authentication failed.').should('be.visible'); //assert if url contains controller=authentication\ncy.url().should('include', 'controller=authentication');\ncy.screenshot(); //taking screenshot",
              "err": {},
              "uuid": "30cacd29-320e-4d99-9683-e99f3bd6543b",
              "parentUUID": "8f436627-110a-4db5-acee-5ea5a9228cf4",
              "isHook": false,
              "skipped": false
            }
          ],
          "suites": [],
          "passes": [
            "30cacd29-320e-4d99-9683-e99f3bd6543b"
          ],
          "failures": [],
          "pending": [],
          "skipped": [],
          "duration": 33487,
          "root": false,
          "rootEmpty": false,
          "_timeout": 2000
        }
      ],
      "passes": [],
      "failures": [],
      "pending": [],
      "skipped": [],
      "duration": 0,
      "root": true,
      "rootEmpty": true,
      "_timeout": 2000
    }
  ],
  "meta": {
    "mocha": {
      "version": "7.0.1"
    },
    "mochawesome": {
      "options": {
        "quiet": false,
        "reportFilename": "report",
        "saveHtml": true,
        "saveJson": true,
        "consoleReporter": "spec",
        "useInlineDiffs": false,
        "code": true
      },
      "version": "6.2.2"
    },
    "marge": {
      "options": {
        "reportDir": "cypress/reports",
        "reportFilename": "report",
        "overwrite": false,
        "html": true,
        "json": true,
        "charts": true
      },
      "version": "5.2.0"
    }
  }
}