{
  "stats": {
    "suites": 1,
    "tests": 1,
    "passes": 1,
    "pending": 0,
    "failures": 0,
    "start": "2021-08-02T18:42:40.785Z",
    "end": "2021-08-02T18:42:53.558Z",
    "duration": 12773,
    "testsRegistered": 1,
    "passPercent": 100,
    "pendingPercent": 0,
    "other": 0,
    "hasOther": false,
    "skipped": 0,
    "hasSkipped": false
  },
  "results": [
    {
      "uuid": "0c08df06-1f82-4738-8348-5c498615aa87",
      "title": "",
      "fullFile": "cypress/integration/com.techproed/day04_viewports.js",
      "file": "cypress/integration/com.techproed/day04_viewports.js",
      "beforeHooks": [],
      "afterHooks": [],
      "tests": [],
      "suites": [
        {
          "uuid": "de5c3506-8f9f-4564-8b6a-f887947953fb",
          "title": "Viewports",
          "fullFile": "",
          "file": "",
          "beforeHooks": [],
          "afterHooks": [],
          "tests": [
            {
              "title": "view with certain pixals",
              "fullTitle": "Viewports view with certain pixals",
              "timedOut": null,
              "duration": 10424,
              "state": "passed",
              "speed": "slow",
              "pass": true,
              "fail": false,
              "pending": false,
              "context": null,
              "code": "cy.visit('www.amazon.com');\ncy.viewport(2000, 1000);\ncy.screenshot();",
              "err": {},
              "uuid": "21a3135b-2eab-41ce-97fd-05ad67cc499e",
              "parentUUID": "de5c3506-8f9f-4564-8b6a-f887947953fb",
              "isHook": false,
              "skipped": false
            }
          ],
          "suites": [],
          "passes": [
            "21a3135b-2eab-41ce-97fd-05ad67cc499e"
          ],
          "failures": [],
          "pending": [],
          "skipped": [],
          "duration": 10424,
          "root": false,
          "rootEmpty": false,
          "_timeout": 2000
        }
      ],
      "passes": [],
      "failures": [],
      "pending": [],
      "skipped": [],
      "duration": 0,
      "root": true,
      "rootEmpty": true,
      "_timeout": 2000
    }
  ],
  "meta": {
    "mocha": {
      "version": "7.0.1"
    },
    "mochawesome": {
      "options": {
        "quiet": false,
        "reportFilename": "report",
        "saveHtml": true,
        "saveJson": true,
        "consoleReporter": "spec",
        "useInlineDiffs": false,
        "code": true
      },
      "version": "6.2.2"
    },
    "marge": {
      "options": {
        "reportDir": "cypress/reports",
        "reportFilename": "report",
        "overwrite": false,
        "html": true,
        "json": true,
        "charts": true
      },
      "version": "5.2.0"
    }
  }
}