{
  "stats": {
    "suites": 1,
    "tests": 1,
    "passes": 1,
    "pending": 0,
    "failures": 0,
    "start": "2021-08-03T10:47:05.081Z",
    "end": "2021-08-03T10:47:13.174Z",
    "duration": 8093,
    "testsRegistered": 1,
    "passPercent": 100,
    "pendingPercent": 0,
    "other": 0,
    "hasOther": false,
    "skipped": 0,
    "hasSkipped": false
  },
  "results": [
    {
      "uuid": "90fcb390-bc57-482b-8ed6-b35b4a2bd5f7",
      "title": "",
      "fullFile": "cypress/integration/com.techproed/day01_launch_browser.js",
      "file": "cypress/integration/com.techproed/day01_launch_browser.js",
      "beforeHooks": [],
      "afterHooks": [],
      "tests": [],
      "suites": [
        {
          "uuid": "6abaae5f-6519-485b-9938-6c481eab8e96",
          "title": "Go to the application",
          "fullFile": "",
          "file": "",
          "beforeHooks": [],
          "afterHooks": [],
          "tests": [
            {
              "title": "Test Case 1 ",
              "fullTitle": "Go to the application Test Case 1 ",
              "timedOut": null,
              "duration": 6642,
              "state": "passed",
              "speed": "slow",
              "pass": true,
              "fail": false,
              "pending": false,
              "context": null,
              "code": "//visirt() => go to the url\ncy.visit('https://qa-environment.crystalkeyhotels.com/'); //clicking on Log in\n//Finding the element whose text includes Log in \n//Then clicking on it\ncy.contains('Log in').click(); //Verifying if the user is on the Login Page\n//I will check if the new url contains /Account/Logon\ncy.url().should('include', '/Account/Logon');",
              "err": {},
              "uuid": "7b85fa86-9781-4424-82e8-2a181fafdc0b",
              "parentUUID": "6abaae5f-6519-485b-9938-6c481eab8e96",
              "isHook": false,
              "skipped": false
            }
          ],
          "suites": [],
          "passes": [
            "7b85fa86-9781-4424-82e8-2a181fafdc0b"
          ],
          "failures": [],
          "pending": [],
          "skipped": [],
          "duration": 6642,
          "root": false,
          "rootEmpty": false,
          "_timeout": 2000
        }
      ],
      "passes": [],
      "failures": [],
      "pending": [],
      "skipped": [],
      "duration": 0,
      "root": true,
      "rootEmpty": true,
      "_timeout": 2000
    }
  ],
  "meta": {
    "mocha": {
      "version": "7.0.1"
    },
    "mochawesome": {
      "options": {
        "quiet": false,
        "reportFilename": "report",
        "saveHtml": true,
        "saveJson": true,
        "consoleReporter": "spec",
        "useInlineDiffs": false,
        "code": true
      },
      "version": "6.2.2"
    },
    "marge": {
      "options": {
        "reportDir": "cypress/reports",
        "reportFilename": "report",
        "overwrite": false,
        "html": true,
        "json": true,
        "charts": true
      },
      "version": "5.2.0"
    }
  }
}