{
  "stats": {
    "suites": 1,
    "tests": 1,
    "passes": 1,
    "pending": 0,
    "failures": 0,
    "start": "2021-08-03T10:49:22.797Z",
    "end": "2021-08-03T10:49:40.623Z",
    "duration": 17826,
    "testsRegistered": 1,
    "passPercent": 100,
    "pendingPercent": 0,
    "other": 0,
    "hasOther": false,
    "skipped": 0,
    "hasSkipped": false
  },
  "results": [
    {
      "uuid": "5cc5539b-146d-48c9-ac4b-44b920ef3761",
      "title": "",
      "fullFile": "cypress/integration/com.techproed/day02_scroll.js",
      "file": "cypress/integration/com.techproed/day02_scroll.js",
      "beforeHooks": [],
      "afterHooks": [],
      "tests": [],
      "suites": [
        {
          "uuid": "12503a75-a804-4669-8363-7f716d18cce4",
          "title": "scroll",
          "fullFile": "",
          "file": "",
          "beforeHooks": [],
          "afterHooks": [],
          "tests": [
            {
              "title": "scroll into view",
              "fullTitle": "scroll scroll into view",
              "timedOut": null,
              "duration": 15078,
              "state": "passed",
              "speed": "slow",
              "pass": true,
              "fail": false,
              "pending": false,
              "context": null,
              "code": "cy.visit('https://qa-environment.crystalkeyhotels.com/');\ncy.wait(2000); //Scrolling down to 'Our Rooms' element\n//scrollIntoView() ******************************* this is useful\ncy.get('.col-md-7 > .mb-4').scrollIntoView(); //scrolling to recent blogs\ncy.wait(2000);\ncy.get(':nth-child(9) > .container > .justify-content-center > .col-md-7 > h2').scrollIntoView(); //Scrolling to check in date\ncy.wait(2000);\ncy.get(':nth-child(1) > .form-group > .wrap > label').scrollIntoView(); // scrollTo(x, y)***************************\ncy.wait(2000);\ncy.scrollTo(0, 1000); //scrolling 1000 px down\ncy.wait(2000);\ncy.scrollTo(0, -500); //scrolling 500 px up\n/* scrollTo()\n https://docs.cypress.io/api/commands/scrollto#Syntax\n 1. we do not scroll on an element\n We scroll a certain amount (pixel or percent)\n */",
              "err": {},
              "uuid": "2dc41a2e-91d0-4965-930e-d6c94d2b3486",
              "parentUUID": "12503a75-a804-4669-8363-7f716d18cce4",
              "isHook": false,
              "skipped": false
            }
          ],
          "suites": [],
          "passes": [
            "2dc41a2e-91d0-4965-930e-d6c94d2b3486"
          ],
          "failures": [],
          "pending": [],
          "skipped": [],
          "duration": 15078,
          "root": false,
          "rootEmpty": false,
          "_timeout": 2000
        }
      ],
      "passes": [],
      "failures": [],
      "pending": [],
      "skipped": [],
      "duration": 0,
      "root": true,
      "rootEmpty": true,
      "_timeout": 2000
    }
  ],
  "meta": {
    "mocha": {
      "version": "7.0.1"
    },
    "mochawesome": {
      "options": {
        "quiet": false,
        "reportFilename": "report",
        "saveHtml": true,
        "saveJson": true,
        "consoleReporter": "spec",
        "useInlineDiffs": false,
        "code": true
      },
      "version": "6.2.2"
    },
    "marge": {
      "options": {
        "reportDir": "cypress/reports",
        "reportFilename": "report",
        "overwrite": false,
        "html": true,
        "json": true,
        "charts": true
      },
      "version": "5.2.0"
    }
  }
}