{
  "stats": {
    "suites": 1,
    "tests": 1,
    "passes": 1,
    "pending": 0,
    "failures": 0,
    "start": "2021-08-02T18:38:42.160Z",
    "end": "2021-08-02T18:38:47.613Z",
    "duration": 5453,
    "testsRegistered": 1,
    "passPercent": 100,
    "pendingPercent": 0,
    "other": 0,
    "hasOther": false,
    "skipped": 0,
    "hasSkipped": false
  },
  "results": [
    {
      "uuid": "2cad6999-897f-4fc3-99fc-20a026df24e5",
      "title": "",
      "fullFile": "cypress/integration/com.techproed/day01_launch_browser.js",
      "file": "cypress/integration/com.techproed/day01_launch_browser.js",
      "beforeHooks": [],
      "afterHooks": [],
      "tests": [],
      "suites": [
        {
          "uuid": "937a733a-3d23-4b11-976d-56005b561ff6",
          "title": "Go to the application",
          "fullFile": "",
          "file": "",
          "beforeHooks": [],
          "afterHooks": [],
          "tests": [
            {
              "title": "Test Case 1 ",
              "fullTitle": "Go to the application Test Case 1 ",
              "timedOut": null,
              "duration": 3952,
              "state": "passed",
              "speed": "slow",
              "pass": true,
              "fail": false,
              "pending": false,
              "context": null,
              "code": "//visirt() => go to the url\ncy.visit('https://qa-environment.crystalkeyhotels.com/'); //clicking on Log in\n//Finding the element whose text includes Log in \n//Then clicking on it\ncy.contains('Log in').click(); //Verifying if the user is on the Login Page\n//I will check if the new url contains /Account/Logon\ncy.url().should('include', '/Account/Logon');",
              "err": {},
              "uuid": "ec8658f9-d18e-4e59-901f-653f65936af5",
              "parentUUID": "937a733a-3d23-4b11-976d-56005b561ff6",
              "isHook": false,
              "skipped": false
            }
          ],
          "suites": [],
          "passes": [
            "ec8658f9-d18e-4e59-901f-653f65936af5"
          ],
          "failures": [],
          "pending": [],
          "skipped": [],
          "duration": 3952,
          "root": false,
          "rootEmpty": false,
          "_timeout": 2000
        }
      ],
      "passes": [],
      "failures": [],
      "pending": [],
      "skipped": [],
      "duration": 0,
      "root": true,
      "rootEmpty": true,
      "_timeout": 2000
    }
  ],
  "meta": {
    "mocha": {
      "version": "7.0.1"
    },
    "mochawesome": {
      "options": {
        "quiet": false,
        "reportFilename": "report",
        "saveHtml": true,
        "saveJson": true,
        "consoleReporter": "spec",
        "useInlineDiffs": false,
        "code": true
      },
      "version": "6.2.2"
    },
    "marge": {
      "options": {
        "reportDir": "cypress/reports",
        "reportFilename": "report",
        "overwrite": false,
        "html": true,
        "json": true,
        "charts": true
      },
      "version": "5.2.0"
    }
  }
}