{
  "stats": {
    "suites": 1,
    "tests": 3,
    "passes": 3,
    "pending": 0,
    "failures": 0,
    "start": "2021-08-02T18:37:21.781Z",
    "end": "2021-08-02T18:37:25.767Z",
    "duration": 3986,
    "testsRegistered": 3,
    "passPercent": 100,
    "pendingPercent": 0,
    "other": 0,
    "hasOther": false,
    "skipped": 0,
    "hasSkipped": false
  },
  "results": [
    {
      "uuid": "c69d63b9-5194-4474-8cec-9652875042de",
      "title": "",
      "fullFile": "cypress/integration/2-advanced-examples/navigation.spec.js",
      "file": "cypress/integration/2-advanced-examples/navigation.spec.js",
      "beforeHooks": [],
      "afterHooks": [],
      "tests": [],
      "suites": [
        {
          "uuid": "78f3c12d-969d-4c22-9139-ce1c0ae7eb36",
          "title": "Navigation",
          "fullFile": "",
          "file": "",
          "beforeHooks": [],
          "afterHooks": [],
          "tests": [
            {
              "title": "cy.go() - go back or forward in the browser's history",
              "fullTitle": "Navigation cy.go() - go back or forward in the browser's history",
              "timedOut": null,
              "duration": 1292,
              "state": "passed",
              "speed": "slow",
              "pass": true,
              "fail": false,
              "pending": false,
              "context": null,
              "code": "// https://on.cypress.io/go\ncy.location('pathname').should('include', 'navigation');\ncy.go('back');\ncy.location('pathname').should('not.include', 'navigation');\ncy.go('forward');\ncy.location('pathname').should('include', 'navigation'); // clicking back\ncy.go(-1);\ncy.location('pathname').should('not.include', 'navigation'); // clicking forward\ncy.go(1);\ncy.location('pathname').should('include', 'navigation');",
              "err": {},
              "uuid": "496da3bb-a23e-42f2-bbf9-71af6cf056b4",
              "parentUUID": "78f3c12d-969d-4c22-9139-ce1c0ae7eb36",
              "isHook": false,
              "skipped": false
            },
            {
              "title": "cy.reload() - reload the page",
              "fullTitle": "Navigation cy.reload() - reload the page",
              "timedOut": null,
              "duration": 682,
              "state": "passed",
              "speed": "slow",
              "pass": true,
              "fail": false,
              "pending": false,
              "context": null,
              "code": "// https://on.cypress.io/reload\ncy.reload(); // reload the page without using the cache\ncy.reload(true);",
              "err": {},
              "uuid": "b6cc9daf-de7b-4712-a9eb-7682aaf86bec",
              "parentUUID": "78f3c12d-969d-4c22-9139-ce1c0ae7eb36",
              "isHook": false,
              "skipped": false
            },
            {
              "title": "cy.visit() - visit a remote url",
              "fullTitle": "Navigation cy.visit() - visit a remote url",
              "timedOut": null,
              "duration": 604,
              "state": "passed",
              "speed": "slow",
              "pass": true,
              "fail": false,
              "pending": false,
              "context": null,
              "code": "// https://on.cypress.io/visit\n// Visit any sub-domain of your current domain\n// Pass options to the visit\ncy.visit('https://example.cypress.io/commands/navigation', {\n  timeout: 50000,\n  // increase total time for the visit to resolve\n  onBeforeLoad(contentWindow) {\n    // contentWindow is the remote page's window object\n    expect(typeof contentWindow === 'object').to.be.true;\n  },\n  onLoad(contentWindow) {\n    // contentWindow is the remote page's window object\n    expect(typeof contentWindow === 'object').to.be.true;\n  }\n});",
              "err": {},
              "uuid": "58d2a448-a48f-436f-9112-2569a4b3f5df",
              "parentUUID": "78f3c12d-969d-4c22-9139-ce1c0ae7eb36",
              "isHook": false,
              "skipped": false
            }
          ],
          "suites": [],
          "passes": [
            "496da3bb-a23e-42f2-bbf9-71af6cf056b4",
            "b6cc9daf-de7b-4712-a9eb-7682aaf86bec",
            "58d2a448-a48f-436f-9112-2569a4b3f5df"
          ],
          "failures": [],
          "pending": [],
          "skipped": [],
          "duration": 2578,
          "root": false,
          "rootEmpty": false,
          "_timeout": 2000
        }
      ],
      "passes": [],
      "failures": [],
      "pending": [],
      "skipped": [],
      "duration": 0,
      "root": true,
      "rootEmpty": true,
      "_timeout": 2000
    }
  ],
  "meta": {
    "mocha": {
      "version": "7.0.1"
    },
    "mochawesome": {
      "options": {
        "quiet": false,
        "reportFilename": "report",
        "saveHtml": true,
        "saveJson": true,
        "consoleReporter": "spec",
        "useInlineDiffs": false,
        "code": true
      },
      "version": "6.2.2"
    },
    "marge": {
      "options": {
        "reportDir": "cypress/reports",
        "reportFilename": "report",
        "overwrite": false,
        "html": true,
        "json": true,
        "charts": true
      },
      "version": "5.2.0"
    }
  }
}