{
  "stats": {
    "suites": 1,
    "tests": 2,
    "passes": 2,
    "pending": 0,
    "failures": 0,
    "start": "2021-08-02T18:42:56.288Z",
    "end": "2021-08-02T18:43:01.294Z",
    "duration": 5006,
    "testsRegistered": 2,
    "passPercent": 100,
    "pendingPercent": 0,
    "other": 0,
    "hasOther": false,
    "skipped": 0,
    "hasSkipped": false
  },
  "results": [
    {
      "uuid": "44a5f269-dd16-4522-ac89-7cfa9b0cad8b",
      "title": "",
      "fullFile": "cypress/integration/com.techproed/first_test_case.js",
      "file": "cypress/integration/com.techproed/first_test_case.js",
      "beforeHooks": [],
      "afterHooks": [],
      "tests": [],
      "suites": [
        {
          "uuid": "1b0a587e-495c-4f3d-8ddc-576631c23630",
          "title": "My First Test",
          "fullFile": "",
          "file": "",
          "beforeHooks": [],
          "afterHooks": [],
          "tests": [
            {
              "title": "URL Test",
              "fullTitle": "My First Test URL Test",
              "timedOut": null,
              "duration": 1794,
              "state": "passed",
              "speed": "slow",
              "pass": true,
              "fail": false,
              "pending": false,
              "context": null,
              "code": "//And verify the url contains google\ncy.visit('https://www.google.com/');\ncy.url().should('include', 'google');",
              "err": {},
              "uuid": "1255cd7e-e28c-4b69-bd6a-0384d308880b",
              "parentUUID": "1b0a587e-495c-4f3d-8ddc-576631c23630",
              "isHook": false,
              "skipped": false
            },
            {
              "title": "Title Test",
              "fullTitle": "My First Test Title Test",
              "timedOut": null,
              "duration": 842,
              "state": "passed",
              "speed": "slow",
              "pass": true,
              "fail": false,
              "pending": false,
              "context": null,
              "code": "//And title equals Google\ncy.visit('https://www.google.com/');\ncy.title().should('eq', 'Google');",
              "err": {},
              "uuid": "0bc67f62-566d-400a-af86-2a128bfd4855",
              "parentUUID": "1b0a587e-495c-4f3d-8ddc-576631c23630",
              "isHook": false,
              "skipped": false
            }
          ],
          "suites": [],
          "passes": [
            "1255cd7e-e28c-4b69-bd6a-0384d308880b",
            "0bc67f62-566d-400a-af86-2a128bfd4855"
          ],
          "failures": [],
          "pending": [],
          "skipped": [],
          "duration": 2636,
          "root": false,
          "rootEmpty": false,
          "_timeout": 2000
        }
      ],
      "passes": [],
      "failures": [],
      "pending": [],
      "skipped": [],
      "duration": 0,
      "root": true,
      "rootEmpty": true,
      "_timeout": 2000
    }
  ],
  "meta": {
    "mocha": {
      "version": "7.0.1"
    },
    "mochawesome": {
      "options": {
        "quiet": false,
        "reportFilename": "report",
        "saveHtml": true,
        "saveJson": true,
        "consoleReporter": "spec",
        "useInlineDiffs": false,
        "code": true
      },
      "version": "6.2.2"
    },
    "marge": {
      "options": {
        "reportDir": "cypress/reports",
        "reportFilename": "report",
        "overwrite": false,
        "html": true,
        "json": true,
        "charts": true
      },
      "version": "5.2.0"
    }
  }
}