{
  "stats": {
    "suites": 1,
    "tests": 1,
    "passes": 0,
    "pending": 0,
    "failures": 1,
    "start": "2021-08-03T10:49:03.425Z",
    "end": "2021-08-03T10:49:20.390Z",
    "duration": 16965,
    "testsRegistered": 1,
    "passPercent": 0,
    "pendingPercent": 0,
    "other": 0,
    "hasOther": false,
    "skipped": 0,
    "hasSkipped": false
  },
  "results": [
    {
      "uuid": "235cc8a7-a905-4b1a-bf83-c3927e08f389",
      "title": "",
      "fullFile": "cypress/integration/com.techproed/day02_hover_over.js",
      "file": "cypress/integration/com.techproed/day02_hover_over.js",
      "beforeHooks": [],
      "afterHooks": [],
      "tests": [],
      "suites": [
        {
          "uuid": "bb1223b0-60f6-4983-b1c2-52d301d8a29f",
          "title": "move over",
          "fullFile": "",
          "file": "",
          "beforeHooks": [],
          "afterHooks": [],
          "tests": [
            {
              "title": "mover over",
              "fullTitle": "move over mover over",
              "timedOut": null,
              "duration": 13838,
              "state": "failed",
              "speed": null,
              "pass": false,
              "fail": true,
              "pending": false,
              "context": null,
              "code": "cy.visit('https://www.amazon.com/');\ncy.get('.icp-nav-link-inner') //getting the element\n.trigger('mouseover'); //moving the mouse over ==>mouseover NOT mouse over\ncy.wait(5000);\n/*Test Case\n    click on Change country/region\n    select Canada from the dropdown\n*/\n//click on Change country/region  \ncy.contains('Change country/region.').click(); //===> pop up var dikkat et\n//select canada from dropdown\ncy.get('#icp-selected-country').select('Canada', {\n  force: true\n}); //HERE WE ARE FORCING TO SLECT THIS ELEMENT(Canada),CYPRESS SUGGESTS IT,\n// sometimes hidden element can not load easily when we hoover over,thats why we use this",
              "err": {
                "message": "CypressError: Timed out retrying after 4050ms: `cy.click()` failed because this element is not visible:\n\n`<a href=\"/gp/navigation-country/select-country/ref=icp_lop_mop_chg_ais?ie=UTF8&amp;preferencesReturnUrl=%2F\" class=\"nav-link                                    nav-item\" id=\"icp-flyout-mkt-change\">...</a>`\n\nThis element `<a#icp-flyout-mkt-change.nav-link.nav-item>` is not visible because its parent `<div#nav-flyout-icp.nav-coreFlyout.nav-flyout>` has CSS property: `display: none`\n\nFix this problem, or use `{force: true}` to disable error checking.\n\nhttps://on.cypress.io/element-cannot-be-interacted-with",
                "estack": "CypressError: Timed out retrying after 4050ms: `cy.click()` failed because this element is not visible:\n\n`<a href=\"/gp/navigation-country/select-country/ref=icp_lop_mop_chg_ais?ie=UTF8&amp;preferencesReturnUrl=%2F\" class=\"nav-link                                    nav-item\" id=\"icp-flyout-mkt-change\">...</a>`\n\nThis element `<a#icp-flyout-mkt-change.nav-link.nav-item>` is not visible because its parent `<div#nav-flyout-icp.nav-coreFlyout.nav-flyout>` has CSS property: `display: none`\n\nFix this problem, or use `{force: true}` to disable error checking.\n\nhttps://on.cypress.io/element-cannot-be-interacted-with\n    at $Cy.ensureVisibility (https://www.amazon.com/__cypress/runner/cypress_runner.js:146913:24)\n    at runAllChecks (https://www.amazon.com/__cypress/runner/cypress_runner.js:135541:14)\n    at retryActionability (https://www.amazon.com/__cypress/runner/cypress_runner.js:135595:16)\n    at tryCatcher (https://www.amazon.com/__cypress/runner/cypress_runner.js:13211:23)\n    at Function.Promise.attempt.Promise.try (https://www.amazon.com/__cypress/runner/cypress_runner.js:10485:29)\n    at tryFn (https://www.amazon.com/__cypress/runner/cypress_runner.js:151739:21)\n    at whenStable (https://www.amazon.com/__cypress/runner/cypress_runner.js:151777:12)\n    at https://www.amazon.com/__cypress/runner/cypress_runner.js:151269:16\n    at tryCatcher (https://www.amazon.com/__cypress/runner/cypress_runner.js:13211:23)\n    at Promise._settlePromiseFromHandler (https://www.amazon.com/__cypress/runner/cypress_runner.js:11146:31)\n    at Promise._settlePromise (https://www.amazon.com/__cypress/runner/cypress_runner.js:11203:18)\n    at Promise._settlePromise0 (https://www.amazon.com/__cypress/runner/cypress_runner.js:11248:10)\n    at Promise._settlePromises (https://www.amazon.com/__cypress/runner/cypress_runner.js:11328:18)\n    at Promise._fulfill (https://www.amazon.com/__cypress/runner/cypress_runner.js:11272:18)\n    at https://www.amazon.com/__cypress/runner/cypress_runner.js:12886:46\nFrom Your Spec Code:\n    at Context.eval (https://www.amazon.com/__cypress/tests?p=cypress\\integration\\com.techproed\\day02_hover_over.js:112:43)",
                "diff": null
              },
              "uuid": "02c26531-b50b-4b8d-9a96-3c576446dbcd",
              "parentUUID": "bb1223b0-60f6-4983-b1c2-52d301d8a29f",
              "isHook": false,
              "skipped": false
            }
          ],
          "suites": [],
          "passes": [],
          "failures": [
            "02c26531-b50b-4b8d-9a96-3c576446dbcd"
          ],
          "pending": [],
          "skipped": [],
          "duration": 13838,
          "root": false,
          "rootEmpty": false,
          "_timeout": 2000
        }
      ],
      "passes": [],
      "failures": [],
      "pending": [],
      "skipped": [],
      "duration": 0,
      "root": true,
      "rootEmpty": true,
      "_timeout": 2000
    }
  ],
  "meta": {
    "mocha": {
      "version": "7.0.1"
    },
    "mochawesome": {
      "options": {
        "quiet": false,
        "reportFilename": "report",
        "saveHtml": true,
        "saveJson": true,
        "consoleReporter": "spec",
        "useInlineDiffs": false,
        "code": true
      },
      "version": "6.2.2"
    },
    "marge": {
      "options": {
        "reportDir": "cypress/reports",
        "reportFilename": "report",
        "overwrite": false,
        "html": true,
        "json": true,
        "charts": true
      },
      "version": "5.2.0"
    }
  }
}