{
  "stats": {
    "suites": 1,
    "tests": 1,
    "passes": 1,
    "pending": 0,
    "failures": 0,
    "start": "2021-08-02T18:32:06.643Z",
    "end": "2021-08-02T18:32:32.772Z",
    "duration": 26129,
    "testsRegistered": 1,
    "passPercent": 100,
    "pendingPercent": 0,
    "other": 0,
    "hasOther": false,
    "skipped": 0,
    "hasSkipped": false
  },
  "results": [
    {
      "uuid": "e50d17eb-8455-43c3-8067-57601422329d",
      "title": "",
      "fullFile": "cypress/integration/com.techproed/day01_login_test.js",
      "file": "cypress/integration/com.techproed/day01_login_test.js",
      "beforeHooks": [],
      "afterHooks": [],
      "tests": [],
      "suites": [
        {
          "uuid": "1fb6bfdf-10f3-46e4-9795-63856ffc57d8",
          "title": "Go to the application",
          "fullFile": "",
          "file": "",
          "beforeHooks": [],
          "afterHooks": [],
          "tests": [
            {
              "title": "Test Case 1 ",
              "fullTitle": "Go to the application Test Case 1 ",
              "timedOut": null,
              "duration": 17887,
              "state": "passed",
              "speed": "slow",
              "pass": true,
              "fail": false,
              "pending": false,
              "context": null,
              "code": "//visirt() => go to the url\ncy.visit('https://qa-environment.crystalkeyhotels.com/'); //clicking on Log in\n//Finding the element whose text includes Log in \n//Then clicking on it\ncy.contains('Log in').click(); //Verifying if the user is on the Login Page\n//I will check if the new url contains /Account/Logon\ncy.url().should('include', '/Account/Logon'); //Find username and type 'manager'\n//yype is used to type in input box\ncy.get('#UserName').type('manager'); //Find password and 'Manager2!'\ncy.get('#Password').type('Manager2!'); //click on Submit button\ncy.get('#btnSubmit').click();",
              "err": {},
              "uuid": "1691f1bd-3e51-45d2-b46c-10e90ce5008d",
              "parentUUID": "1fb6bfdf-10f3-46e4-9795-63856ffc57d8",
              "isHook": false,
              "skipped": false
            }
          ],
          "suites": [],
          "passes": [
            "1691f1bd-3e51-45d2-b46c-10e90ce5008d"
          ],
          "failures": [],
          "pending": [],
          "skipped": [],
          "duration": 17887,
          "root": false,
          "rootEmpty": false,
          "_timeout": 2000
        }
      ],
      "passes": [],
      "failures": [],
      "pending": [],
      "skipped": [],
      "duration": 0,
      "root": true,
      "rootEmpty": true,
      "_timeout": 2000
    }
  ],
  "meta": {
    "mocha": {
      "version": "7.0.1"
    },
    "mochawesome": {
      "options": {
        "quiet": false,
        "reportFilename": "report",
        "saveHtml": true,
        "saveJson": true,
        "consoleReporter": "spec",
        "useInlineDiffs": false,
        "code": true
      },
      "version": "6.2.2"
    },
    "marge": {
      "options": {
        "reportDir": "cypress/reports",
        "reportFilename": "report",
        "overwrite": false,
        "html": true,
        "json": true,
        "charts": true
      },
      "version": "5.2.0"
    }
  }
}